<?xml version="1.0" encoding="UTF-8"?>
<coverage generated="1647513873514" clover="3.2.0">
  <project timestamp="1647513873514" name="All files">
    <metrics statements="41" coveredstatements="41" conditionals="14" coveredconditionals="14" methods="9" coveredmethods="9" elements="64" coveredelements="64" complexity="0" loc="41" ncloc="41" packages="1" files="5" classes="5"/>
    <file name="config.ts" path="/Users/henriquebonfim/Templates/semana-js-6/server/config.ts">
      <metrics statements="2" coveredstatements="2" conditionals="2" coveredconditionals="2" methods="0" coveredmethods="0"/>
      <line num="27" count="3" type="stmt"/>
      <line num="28" count="3" type="stmt"/>
    </file>
    <file name="controller.ts" path="/Users/henriquebonfim/Templates/semana-js-6/server/controller.ts">
      <metrics statements="2" coveredstatements="2" conditionals="0" coveredconditionals="0" methods="2" coveredmethods="2"/>
      <line num="7" count="2" type="stmt"/>
      <line num="11" count="1" type="stmt"/>
    </file>
    <file name="routes.ts" path="/Users/henriquebonfim/Templates/semana-js-6/server/routes.ts">
      <metrics statements="28" coveredstatements="28" conditionals="12" coveredconditionals="12" methods="4" coveredmethods="4"/>
      <line num="10" count="1" type="stmt"/>
      <line num="12" count="1" type="stmt"/>
      <line num="15" count="8" type="stmt"/>
      <line num="17" count="8" type="cond" truecount="3" falsecount="0"/>
      <line num="19" count="1" type="stmt"/>
      <line num="23" count="1" type="stmt"/>
      <line num="27" count="7" type="cond" truecount="3" falsecount="0"/>
      <line num="28" count="1" type="stmt"/>
      <line num="30" count="1" type="stmt"/>
      <line num="34" count="1" type="stmt"/>
      <line num="38" count="6" type="cond" truecount="3" falsecount="0"/>
      <line num="39" count="1" type="stmt"/>
      <line num="41" count="1" type="stmt"/>
      <line num="45" count="1" type="stmt"/>
      <line num="50" count="5" type="cond" truecount="1" falsecount="0"/>
      <line num="51" count="4" type="stmt"/>
      <line num="53" count="2" type="cond" truecount="1" falsecount="0"/>
      <line num="54" count="1" type="stmt"/>
      <line num="58" count="2" type="stmt"/>
      <line num="63" count="2" type="cond" truecount="1" falsecount="0"/>
      <line num="64" count="1" type="stmt"/>
      <line num="65" count="1" type="stmt"/>
      <line num="66" count="1" type="stmt"/>
      <line num="69" count="1" type="stmt"/>
      <line num="70" count="1" type="stmt"/>
      <line num="71" count="1" type="stmt"/>
      <line num="76" count="8" type="stmt"/>
      <line num="77" count="2" type="stmt"/>
    </file>
    <file name="service.ts" path="/Users/henriquebonfim/Templates/semana-js-6/server/service.ts">
      <metrics statements="8" coveredstatements="8" conditionals="0" coveredconditionals="0" methods="3" coveredmethods="3"/>
      <line num="6" count="3" type="stmt"/>
      <line num="10" count="1" type="stmt"/>
      <line num="15" count="1" type="stmt"/>
      <line num="17" count="1" type="stmt"/>
      <line num="18" count="1" type="stmt"/>
      <line num="20" count="1" type="stmt"/>
      <line num="27" count="1" type="stmt"/>
      <line num="29" count="1" type="stmt"/>
    </file>
    <file name="util.ts" path="/Users/henriquebonfim/Templates/semana-js-6/server/util.ts">
      <metrics statements="1" coveredstatements="1" conditionals="0" coveredconditionals="0" methods="0" coveredmethods="0"/>
      <line num="3" count="1" type="stmt"/>
    </file>
  </project>
</coverage>
