{"/Users/henriquebonfim/Templates/semana-js-6/server/config.ts": {"path":"/Users/henriquebonfim/Templates/semana-js-6/server/config.ts","statementMap":{"0":{"start":{"line":27,"column":19},"end":{"line":27,"column":58}},"1":{"start":{"line":28,"column":13},"end":{"line":28,"column":36}}},"fnMap":{},"branchMap":{"0":{"loc":{"start":{"line":31,"column":8},"end":{"line":31,"column":32}},"type":"binary-expr","locations":[{"start":{"line":31,"column":8},"end":{"line":31,"column":24}},{"start":{"line":31,"column":28},"end":{"line":31,"column":32}}]}},"s":{"0":3,"1":3},"f":{},"b":{"0":[3,3]}}
,"/Users/henriquebonfim/Templates/semana-js-6/server/controller.ts": {"path":"/Users/henriquebonfim/Templates/semana-js-6/server/controller.ts","statementMap":{"0":{"start":{"line":7,"column":4},"end":{"line":7,"column":null}},"1":{"start":{"line":11,"column":4},"end":{"line":11,"column":null}}},"fnMap":{"0":{"name":"(anonymous_0)","decl":{"start":{"line":6,"column":2},"end":{"line":6,"column":null}},"loc":{"start":{"line":6,"column":2},"end":{"line":8,"column":3}}},"1":{"name":"(anonymous_1)","decl":{"start":{"line":10,"column":2},"end":{"line":10,"column":7}},"loc":{"start":{"line":10,"column":35},"end":{"line":12,"column":3}}}},"branchMap":{},"s":{"0":2,"1":1},"f":{"0":2,"1":1},"b":{}}
,"/Users/henriquebonfim/Templates/semana-js-6/server/routes.ts": {"path":"/Users/henriquebonfim/Templates/semana-js-6/server/routes.ts","statementMap":{"0":{"start":{"line":10,"column":4},"end":{"line":10,"column":10}},"1":{"start":{"line":12,"column":19},"end":{"line":12,"column":35}},"2":{"start":{"line":15,"column":26},"end":{"line":15,"column":33}},"3":{"start":{"line":17,"column":2},"end":{"line":25,"column":null}},"4":{"start":{"line":19,"column":4},"end":{"line":21,"column":null}},"5":{"start":{"line":23,"column":4},"end":{"line":23,"column":null}},"6":{"start":{"line":27,"column":2},"end":{"line":36,"column":null}},"7":{"start":{"line":28,"column":23},"end":{"line":28,"column":63}},"8":{"start":{"line":30,"column":4},"end":{"line":32,"column":null}},"9":{"start":{"line":34,"column":4},"end":{"line":34,"column":null}},"10":{"start":{"line":38,"column":2},"end":{"line":47,"column":null}},"11":{"start":{"line":39,"column":23},"end":{"line":39,"column":69}},"12":{"start":{"line":41,"column":4},"end":{"line":43,"column":null}},"13":{"start":{"line":45,"column":4},"end":{"line":45,"column":null}},"14":{"start":{"line":50,"column":2},"end":{"line":59,"column":null}},"15":{"start":{"line":51,"column":29},"end":{"line":51,"column":64}},"16":{"start":{"line":53,"column":4},"end":{"line":56,"column":null}},"17":{"start":{"line":54,"column":6},"end":{"line":56,"column":null}},"18":{"start":{"line":58,"column":4},"end":{"line":58,"column":null}},"19":{"start":{"line":63,"column":2},"end":{"line":67,"column":null}},"20":{"start":{"line":64,"column":4},"end":{"line":64,"column":null}},"21":{"start":{"line":65,"column":4},"end":{"line":65,"column":null}},"22":{"start":{"line":66,"column":4},"end":{"line":66,"column":null}},"23":{"start":{"line":69,"column":2},"end":{"line":69,"column":null}},"24":{"start":{"line":70,"column":2},"end":{"line":70,"column":null}},"25":{"start":{"line":71,"column":2},"end":{"line":71,"column":null}},"26":{"start":{"line":76,"column":2},"end":{"line":77,"column":null}},"27":{"start":{"line":77,"column":27},"end":{"line":77,"column":55}}},"fnMap":{"0":{"name":"routes","decl":{"start":{"line":14,"column":15},"end":{"line":14,"column":21}},"loc":{"start":{"line":14,"column":72},"end":{"line":60,"column":1}}},"1":{"name":"handleError","decl":{"start":{"line":62,"column":9},"end":{"line":62,"column":20}},"loc":{"start":{"line":62,"column":57},"end":{"line":72,"column":1}}},"2":{"name":"handler","decl":{"start":{"line":74,"column":16},"end":{"line":74,"column":23}},"loc":{"start":{"line":74,"column":74},"end":{"line":79,"column":1}}},"3":{"name":"(anonymous_3)","decl":{"start":{"line":77,"column":11},"end":{"line":77,"column":12}},"loc":{"start":{"line":77,"column":27},"end":{"line":77,"column":55}}}},"branchMap":{"0":{"loc":{"start":{"line":17,"column":2},"end":{"line":25,"column":null}},"type":"if","locations":[{"start":{"line":17,"column":2},"end":{"line":25,"column":null}}]},"1":{"loc":{"start":{"line":17,"column":6},"end":{"line":17,"column":37}},"type":"binary-expr","locations":[{"start":{"line":17,"column":6},"end":{"line":17,"column":22}},{"start":{"line":17,"column":26},"end":{"line":17,"column":37}}]},"2":{"loc":{"start":{"line":27,"column":2},"end":{"line":36,"column":null}},"type":"if","locations":[{"start":{"line":27,"column":2},"end":{"line":36,"column":null}}]},"3":{"loc":{"start":{"line":27,"column":6},"end":{"line":27,"column":41}},"type":"binary-expr","locations":[{"start":{"line":27,"column":6},"end":{"line":27,"column":22}},{"start":{"line":27,"column":26},"end":{"line":27,"column":41}}]},"4":{"loc":{"start":{"line":38,"column":2},"end":{"line":47,"column":null}},"type":"if","locations":[{"start":{"line":38,"column":2},"end":{"line":47,"column":null}}]},"5":{"loc":{"start":{"line":38,"column":6},"end":{"line":38,"column":47}},"type":"binary-expr","locations":[{"start":{"line":38,"column":6},"end":{"line":38,"column":22}},{"start":{"line":38,"column":26},"end":{"line":38,"column":47}}]},"6":{"loc":{"start":{"line":50,"column":2},"end":{"line":59,"column":null}},"type":"if","locations":[{"start":{"line":50,"column":2},"end":{"line":59,"column":null}}]},"7":{"loc":{"start":{"line":53,"column":4},"end":{"line":56,"column":null}},"type":"if","locations":[{"start":{"line":53,"column":4},"end":{"line":56,"column":null}}]},"8":{"loc":{"start":{"line":63,"column":2},"end":{"line":67,"column":null}},"type":"if","locations":[{"start":{"line":63,"column":2},"end":{"line":67,"column":null}}]}},"s":{"0":1,"1":1,"2":8,"3":8,"4":1,"5":1,"6":7,"7":1,"8":1,"9":1,"10":6,"11":1,"12":1,"13":1,"14":5,"15":4,"16":2,"17":1,"18":2,"19":2,"20":1,"21":1,"22":1,"23":1,"24":1,"25":1,"26":8,"27":2},"f":{"0":8,"1":2,"2":8,"3":2},"b":{"0":[1],"1":[8,7],"2":[1],"3":[7,6],"4":[1],"5":[6,5],"6":[4],"7":[1],"8":[1]}}
,"/Users/henriquebonfim/Templates/semana-js-6/server/service.ts": {"path":"/Users/henriquebonfim/Templates/semana-js-6/server/service.ts","statementMap":{"0":{"start":{"line":6,"column":37},"end":{"line":6,"column":43}},"1":{"start":{"line":10,"column":4},"end":{"line":10,"column":null}},"2":{"start":{"line":15,"column":25},"end":{"line":15,"column":52}},"3":{"start":{"line":17,"column":4},"end":{"line":17,"column":42}},"4":{"start":{"line":18,"column":21},"end":{"line":18,"column":42}},"5":{"start":{"line":20,"column":4},"end":{"line":23,"column":null}},"6":{"start":{"line":27,"column":27},"end":{"line":27,"column":55}},"7":{"start":{"line":29,"column":4},"end":{"line":32,"column":null}}},"fnMap":{"0":{"name":"(anonymous_0)","decl":{"start":{"line":9,"column":2},"end":{"line":9,"column":18}},"loc":{"start":{"line":9,"column":32},"end":{"line":11,"column":3}}},"1":{"name":"(anonymous_1)","decl":{"start":{"line":13,"column":2},"end":{"line":13,"column":7}},"loc":{"start":{"line":13,"column":29},"end":{"line":24,"column":3}}},"2":{"name":"(anonymous_2)","decl":{"start":{"line":26,"column":2},"end":{"line":26,"column":7}},"loc":{"start":{"line":26,"column":31},"end":{"line":34,"column":3}}}},"branchMap":{},"s":{"0":3,"1":1,"2":1,"3":1,"4":1,"5":1,"6":1,"7":1},"f":{"0":1,"1":1,"2":1},"b":{}}
,"/Users/henriquebonfim/Templates/semana-js-6/server/util.ts": {"path":"/Users/henriquebonfim/Templates/semana-js-6/server/util.ts","statementMap":{"0":{"start":{"line":3,"column":22},"end":{"line":11,"column":2}}},"fnMap":{},"branchMap":{},"s":{"0":1},"f":{},"b":{}}
}
