TN:
SF:server/config.ts
FNF:0
FNH:0
DA:27,3
DA:28,3
LF:2
LH:2
BRDA:31,0,0,3
BRDA:31,0,1,3
BRF:2
BRH:2
end_of_record
TN:
SF:server/controller.ts
FN:6,(anonymous_0)
FN:10,(anonymous_1)
FNF:2
FNH:2
FNDA:2,(anonymous_0)
FNDA:1,(anonymous_1)
DA:7,2
DA:11,1
LF:2
LH:2
BRF:0
BRH:0
end_of_record
TN:
SF:server/routes.ts
FN:14,routes
FN:62,handleError
FN:74,handler
FN:77,(anonymous_3)
FNF:4
FNH:4
FNDA:8,routes
FNDA:2,handleError
FNDA:8,handler
FNDA:2,(anonymous_3)
DA:10,1
DA:12,1
DA:15,8
DA:17,8
DA:19,1
DA:23,1
DA:27,7
DA:28,1
DA:30,1
DA:34,1
DA:38,6
DA:39,1
DA:41,1
DA:45,1
DA:50,5
DA:51,4
DA:53,2
DA:54,1
DA:58,2
DA:63,2
DA:64,1
DA:65,1
DA:66,1
DA:69,1
DA:70,1
DA:71,1
DA:76,8
DA:77,2
LF:28
LH:28
BRDA:17,0,0,1
BRDA:17,1,0,8
BRDA:17,1,1,7
BRDA:27,2,0,1
BRDA:27,3,0,7
BRDA:27,3,1,6
BRDA:38,4,0,1
BRDA:38,5,0,6
BRDA:38,5,1,5
BRDA:50,6,0,4
BRDA:53,7,0,1
BRDA:63,8,0,1
BRF:12
BRH:12
end_of_record
TN:
SF:server/service.ts
FN:9,(anonymous_0)
FN:13,(anonymous_1)
FN:26,(anonymous_2)
FNF:3
FNH:3
FNDA:1,(anonymous_0)
FNDA:1,(anonymous_1)
FNDA:1,(anonymous_2)
DA:6,3
DA:10,1
DA:15,1
DA:17,1
DA:18,1
DA:20,1
DA:27,1
DA:29,1
LF:8
LH:8
BRF:0
BRH:0
end_of_record
TN:
SF:server/util.ts
FNF:0
FNH:0
DA:3,1
LF:1
LH:1
BRF:0
BRH:0
end_of_record
